<?xml version="1.0" encoding="UTF-8"?>
<!-- Generated by org.testng.reporters.JUnitReportReporter -->
<testsuite hostname="LAPTOP-52IM29O2" failures="0" tests="3" name="com.scripts.facebook.Testfacebooksignup" time="72.827" errors="0" timestamp="12 Jan 2021 21:07:47 GMT" skipped="0">
  <testcase classname="com.scripts.facebook.Testfacebooksignup" name="signup" time="22.148"/>
  <testcase classname="com.scripts.facebook.Testfacebooksignup" name="signup" time="25.831"/>
  <testcase classname="com.scripts.facebook.Testfacebooksignup" name="signup" time="24.848"/>
</testsuite> <!-- com.scripts.facebook.Testfacebooksignup -->
