<?xml version="1.0" encoding="UTF-8"?>
<!-- Generated by org.testng.reporters.JUnitReportReporter -->
<testsuite hostname="LAPTOP-52IM29O2" failures="0" tests="1" name="mavenextra.Headlessbrowser" time="35.708" errors="0" timestamp="16 Jan 2021 21:07:41 GMT" skipped="0">
  <testcase classname="mavenextra.Headlessbrowser" name="headless" time="35.708"/>
</testsuite> <!-- mavenextra.Headlessbrowser -->
