<?xml version="1.0" encoding="UTF-8"?>
<!-- Generated by org.testng.reporters.JUnitReportReporter -->
<testsuite hostname="LAPTOP-52IM29O2" failures="0" tests="4" name="mavenextra.Facebookloginusingarray" time="71.646" errors="0" timestamp="10 Jan 2021 19:44:09 GMT" skipped="0">
  <testcase classname="mavenextra.Facebookloginusingarray" name="login" time="17.163"/>
  <testcase classname="mavenextra.Facebookloginusingarray" name="login" time="15.575"/>
  <testcase classname="mavenextra.Facebookloginusingarray" name="login" time="17.169"/>
  <testcase classname="mavenextra.Facebookloginusingarray" name="login" time="21.739"/>
</testsuite> <!-- mavenextra.Facebookloginusingarray -->
