<?xml version="1.0" encoding="UTF-8"?>
<!-- Generated by org.testng.reporters.JUnitReportReporter -->
<testsuite hostname="LAPTOP-52IM29O2" failures="0" tests="3" name="mavengurubank.gurubanknewsavingsaccount" time="40.315" errors="0" timestamp="24 Feb 2021 07:05:10 GMT" skipped="0">
  <testcase classname="mavengurubank.gurubanknewsavingsaccount" name="login" time="19.862"/>
  <testcase classname="mavengurubank.gurubanknewsavingsaccount" name="logout" time="12.077"/>
  <testcase classname="mavengurubank.gurubanknewsavingsaccount" name="createaccount" time="8.376"/>
</testsuite> <!-- mavengurubank.gurubanknewsavingsaccount -->
