<?xml version="1.0" encoding="UTF-8"?>
<!-- Generated by org.testng.reporters.JUnitReportReporter -->
<testsuite hostname="LAPTOP-52IM29O2" failures="0" tests="1" name="mavenextra.Mavenvalidation2" time="15.223" errors="0" timestamp="07 Jan 2021 17:54:53 GMT" skipped="0">
  <testcase classname="mavenextra.Mavenvalidation2" name="validation2" time="15.223"/>
</testsuite> <!-- mavenextra.Mavenvalidation2 -->
