<?xml version="1.0" encoding="UTF-8"?>
<!-- Generated by org.testng.reporters.JUnitReportReporter -->
<testsuite hostname="LAPTOP-52IM29O2" failures="0" tests="1" name="mavenextra.Entercharactersequence" time="23.060" errors="0" timestamp="07 Jan 2021 19:27:25 GMT" skipped="0">
  <testcase classname="mavenextra.Entercharactersequence" name="entercharacter" time="23.060"/>
</testsuite> <!-- mavenextra.Entercharactersequence -->
