<?xml version="1.0" encoding="UTF-8"?>
<!-- Generated by org.testng.reporters.JUnitReportReporter -->
<testsuite hostname="LAPTOP-52IM29O2" failures="0" tests="1" name="mavenextra.Openbrowser" time="86.752" errors="0" timestamp="07 Jan 2021 18:54:24 GMT" skipped="0">
  <testcase classname="mavenextra.Openbrowser" name="openbrowser" time="86.752"/>
</testsuite> <!-- mavenextra.Openbrowser -->
