<?xml version="1.0" encoding="UTF-8"?>
<!-- Generated by org.testng.reporters.JUnitReportReporter -->
<testsuite hostname="LAPTOP-52IM29O2" failures="0" tests="3" name="com.script.yahoo.Testyahoosignup" time="238.142" errors="0" timestamp="12 Jan 2021 21:07:47 GMT" skipped="0">
  <testcase classname="com.script.yahoo.Testyahoosignup" name="yahoologin" time="74.061"/>
  <testcase classname="com.script.yahoo.Testyahoosignup" name="yahoologin" time="98.953"/>
  <testcase classname="com.script.yahoo.Testyahoosignup" name="yahoologin" time="65.128"/>
</testsuite> <!-- com.script.yahoo.Testyahoosignup -->
