<?xml version="1.0" encoding="UTF-8"?>
<!-- Generated by org.testng.reporters.JUnitReportReporter -->
<testsuite hostname="LAPTOP-52IM29O2" failures="0" tests="1" name="mavenextra.Opentabandwindow" time="72.117" errors="0" timestamp="08 Jan 2021 19:16:38 GMT" skipped="0">
  <testcase classname="mavenextra.Opentabandwindow" name="opentabwindow" time="72.117"/>
</testsuite> <!-- mavenextra.Opentabandwindow -->
