<?xml version="1.0" encoding="UTF-8"?>
<!-- Generated by org.testng.reporters.JUnitReportReporter -->
<testsuite hostname="LAPTOP-52IM29O2" failures="0" tests="3" name="mavengurubank.gurubanknewcurrentaccount" time="33.122" errors="0" timestamp="24 Feb 2021 07:07:08 GMT" skipped="0">
  <testcase classname="mavengurubank.gurubanknewcurrentaccount" name="createaccount" time="8.801"/>
  <testcase classname="mavengurubank.gurubanknewcurrentaccount" name="login" time="20.071"/>
  <testcase classname="mavengurubank.gurubanknewcurrentaccount" name="logout" time="4.250"/>
</testsuite> <!-- mavengurubank.gurubanknewcurrentaccount -->
