<?xml version="1.0" encoding="UTF-8"?>
<!-- Generated by org.testng.reporters.JUnitReportReporter -->
<testsuite hostname="LAPTOP-52IM29O2" failures="0" tests="1" name="com.scripts.actitime.Actitimeloginlogout" time="18.772" errors="0" timestamp="06 Jan 2021 20:38:09 GMT" skipped="0">
  <testcase classname="com.scripts.actitime.Actitimeloginlogout" name="loginlogout" time="18.772"/>
</testsuite> <!-- com.scripts.actitime.Actitimeloginlogout -->
