<?xml version="1.0" encoding="UTF-8"?>
<!-- Generated by org.testng.reporters.JUnitReportReporter -->
<testsuite hostname="LAPTOP-52IM29O2" failures="0" tests="1" name="mavenextra.newlocators" time="37.209" errors="0" timestamp="08 Jan 2021 20:29:18 GMT" skipped="0">
  <testcase classname="mavenextra.newlocators" name="newlocators" time="37.209"/>
</testsuite> <!-- mavenextra.newlocators -->
