<?xml version="1.0" encoding="UTF-8"?>
<!-- Generated by org.testng.reporters.JUnitReportReporter -->
<testsuite hostname="LAPTOP-52IM29O2" failures="0" tests="1" name="mavenextra.Mavenvalidation3" time="40.546" errors="0" timestamp="07 Jan 2021 18:47:04 GMT" skipped="0">
  <testcase classname="mavenextra.Mavenvalidation3" name="validation3" time="40.546"/>
</testsuite> <!-- mavenextra.Mavenvalidation3 -->
