<?xml version="1.0" encoding="UTF-8"?>
<!-- Generated by org.testng.reporters.JUnitReportReporter -->
<testsuite hostname="LAPTOP-52IM29O2" failures="0" tests="1" name="mavenextra.Openbrowser" time="58.580" errors="0" timestamp="09 Feb 2021 19:07:51 GMT" skipped="0">
  <testcase classname="mavenextra.Openbrowser" name="openbrowser" time="58.580"/>
</testsuite> <!-- mavenextra.Openbrowser -->
