<?xml version="1.0" encoding="UTF-8"?>
<!-- Generated by org.testng.reporters.JUnitReportReporter -->
<testsuite hostname="LAPTOP-52IM29O2" failures="0" tests="3" name="mavengurubank.gurubankdeleteaccount" time="40.006" errors="0" timestamp="24 Feb 2021 08:38:55 GMT" skipped="0">
  <testcase classname="mavengurubank.gurubankdeleteaccount" name="deleteaccount" time="10.430"/>
  <testcase classname="mavengurubank.gurubankdeleteaccount" name="logout" time="7.010"/>
  <testcase classname="mavengurubank.gurubankdeleteaccount" name="login" time="22.566"/>
</testsuite> <!-- mavengurubank.gurubankdeleteaccount -->
